# JRE version: Java(TM) SE Runtime Environment (8.0_05-b13) (build 1.8.0_05-b13)
# Java VM: Java HotSpot(TM) Server VM (25.5-b02 mixed mode linux-x86 )
Heap:
 PSYoungGen      total 34048K, used 3407K [0x9c980000, 0x9ffc0000, 0xa7000000)
  eden space 32768K, 6% used [0x9c980000,0x9cb93d88,0x9e980000)
  from space 1280K, 100% used [0x9e980000,0x9eac0000,0x9eac0000)
  to   space 6400K, 0% used [0x9f980000,0x9f980000,0x9ffc0000)
 ParOldGen       total 26112K, used 13221K [0x87c00000, 0x89580000, 0x9c980000)
  object space 26112K, 50% used [0x87c00000,0x888e94a8,0x89580000)
 Metaspace       used 19283K, capacity 20183K, committed 20248K, reserved 20784K
GC Heap History (10 events):
Event: 2.323 GC heap before
{Heap before GC invocations=2 (full 0):
 PSYoungGen      total 9472K, used 9456K [0x9c980000, 0x9dc00000, 0xa7000000)
  eden space 8192K, 100% used [0x9c980000,0x9d180000,0x9d180000)
  from space 1280K, 98% used [0x9d180000,0x9d2bc060,0x9d2c0000)
  to   space 1280K, 0% used [0x9dac0000,0x9dac0000,0x9dc00000)
 ParOldGen       total 22016K, used 1766K [0x87c00000, 0x89180000, 0x9c980000)
  object space 22016K, 8% used [0x87c00000,0x87db9bf8,0x89180000)
 Metaspace       used 12271K, capacity 12347K, committed 12440K, reserved 12592K
Event: 2.349 GC heap after
Heap after GC invocations=2 (full 0):
 PSYoungGen      total 17664K, used 1272K [0x9c980000, 0x9dc00000, 0xa7000000)
  eden space 16384K, 0% used [0x9c980000,0x9c980000,0x9d980000)
  from space 1280K, 99% used [0x9dac0000,0x9dbfe030,0x9dc00000)
  to   space 1280K, 0% used [0x9d980000,0x9d980000,0x9dac0000)
 ParOldGen       total 22016K, used 4580K [0x87c00000, 0x89180000, 0x9c980000)
  object space 22016K, 20% used [0x87c00000,0x880792c0,0x89180000)
 Metaspace       used 12271K, capacity 12347K, committed 12440K, reserved 12592K
}
Event: 4.197 GC heap before
{Heap before GC invocations=3 (full 0):
 PSYoungGen      total 17664K, used 17656K [0x9c980000, 0x9dc00000, 0xa7000000)
  eden space 16384K, 100% used [0x9c980000,0x9d980000,0x9d980000)
  from space 1280K, 99% used [0x9dac0000,0x9dbfe030,0x9dc00000)
  to   space 1280K, 0% used [0x9d980000,0x9d980000,0x9dac0000)
 ParOldGen       total 22016K, used 4580K [0x87c00000, 0x89180000, 0x9c980000)
  object space 22016K, 20% used [0x87c00000,0x880792c0,0x89180000)
 Metaspace       used 15829K, capacity 16131K, committed 16152K, reserved 16688K
Event: 4.224 GC heap after
Heap after GC invocations=3 (full 0):
 PSYoungGen      total 17664K, used 1272K [0x9c980000, 0x9ec00000, 0xa7000000)
  eden space 16384K, 0% used [0x9c980000,0x9c980000,0x9d980000)
  from space 1280K, 99% used [0x9d980000,0x9dabe030,0x9dac0000)
  to   space 1280K, 0% used [0x9eac0000,0x9eac0000,0x9ec00000)
 ParOldGen       total 22016K, used 7358K [0x87c00000, 0x89180000, 0x9c980000)
  object space 22016K, 33% used [0x87c00000,0x8832fae0,0x89180000)
 Metaspace       used 15829K, capacity 16131K, committed 16152K, reserved 16688K
}
Event: 4.466 GC heap before
{Heap before GC invocations=4 (full 0):
 PSYoungGen      total 17664K, used 4388K [0x9c980000, 0x9ec00000, 0xa7000000)
  eden space 16384K, 19% used [0x9c980000,0x9cc8b3c8,0x9d980000)
  from space 1280K, 99% used [0x9d980000,0x9dabe030,0x9dac0000)
  to   space 1280K, 0% used [0x9eac0000,0x9eac0000,0x9ec00000)
 ParOldGen       total 22016K, used 7358K [0x87c00000, 0x89180000, 0x9c980000)
  object space 22016K, 33% used [0x87c00000,0x8832fae0,0x89180000)
 Metaspace       used 16009K, capacity 16384K, committed 16384K, reserved 16688K
Event: 4.498 GC heap after
Heap after GC invocations=4 (full 0):
 PSYoungGen      total 34048K, used 1272K [0x9c980000, 0x9ec00000, 0xa7000000)
  eden space 32768K, 0% used [0x9c980000,0x9c980000,0x9e980000)
  from space 1280K, 99% used [0x9eac0000,0x9ebfe030,0x9ec00000)
  to   space 1280K, 0% used [0x9e980000,0x9e980000,0x9eac0000)
 ParOldGen       total 22016K, used 8014K [0x87c00000, 0x89180000, 0x9c980000)
  object space 22016K, 36% used [0x87c00000,0x883d3b60,0x89180000)
 Metaspace       used 16009K, capacity 16384K, committed 16384K, reserved 16688K
}
Event: 4.498 GC heap before
{Heap before GC invocations=5 (full 1):
 PSYoungGen      total 34048K, used 1272K [0x9c980000, 0x9ec00000, 0xa7000000)
  eden space 32768K, 0% used [0x9c980000,0x9c980000,0x9e980000)
  from space 1280K, 99% used [0x9eac0000,0x9ebfe030,0x9ec00000)
  to   space 1280K, 0% used [0x9e980000,0x9e980000,0x9eac0000)
 ParOldGen       total 22016K, used 8014K [0x87c00000, 0x89180000, 0x9c980000)
  object space 22016K, 36% used [0x87c00000,0x883d3b60,0x89180000)
 Metaspace       used 16009K, capacity 16384K, committed 16384K, reserved 16688K
Event: 4.880 GC heap after
Heap after GC invocations=5 (full 1):
 PSYoungGen      total 34048K, used 0K [0x9c980000, 0x9ec00000, 0xa7000000)
  eden space 32768K, 0% used [0x9c980000,0x9c980000,0x9e980000)
  from space 1280K, 0% used [0x9eac0000,0x9eac0000,0x9ec00000)
  to   space 1280K, 0% used [0x9e980000,0x9e980000,0x9eac0000)
 ParOldGen       total 26112K, used 8666K [0x87c00000, 0x89580000, 0x9c980000)
  object space 26112K, 33% used [0x87c00000,0x884768e8,0x89580000)
 Metaspace       used 16007K, capacity 16382K, committed 16384K, reserved 16688K
}
Event: 7.294 GC heap before
{Heap before GC invocations=6 (full 1):
 PSYoungGen      total 34048K, used 32768K [0x9c980000, 0x9ec00000, 0xa7000000)
  eden space 32768K, 100% used [0x9c980000,0x9e980000,0x9e980000)
  from space 1280K, 0% used [0x9eac0000,0x9eac0000,0x9ec00000)
  to   space 1280K, 0% used [0x9e980000,0x9e980000,0x9eac0000)
 ParOldGen       total 26112K, used 8666K [0x87c00000, 0x89580000, 0x9c980000)
  object space 26112K, 33% used [0x87c00000,0x884768e8,0x89580000)
 Metaspace       used 18122K, capacity 18987K, committed 19096K, reserved 19760K
Event: 7.316 GC heap after
Heap after GC invocations=6 (full 1):
 PSYoungGen      total 34048K, used 1280K [0x9c980000, 0x9ffc0000, 0xa7000000)
  eden space 32768K, 0% used [0x9c980000,0x9c980000,0x9e980000)
  from space 1280K, 100% used [0x9e980000,0x9eac0000,0x9eac0000)
  to   space 6400K, 0% used [0x9f980000,0x9f980000,0x9ffc0000)
 ParOldGen       total 26112K, used 13221K [0x87c00000, 0x89580000, 0x9c980000)
  object space 26112K, 50% used [0x87c00000,0x888e94a8,0x89580000)
 Metaspace       used 18122K, capacity 18987K, committed 19096K, reserved 19760K
}

