# JRE version: Java(TM) SE Runtime Environment (7.0_45-b18) (build 1.7.0_45-b18)
# Java VM: Java HotSpot(TM) Server VM (24.45-b08 mixed mode linux-x86 )
Heap
 PSYoungGen      total 16640K, used 9687K [0xa8d80000, 0xaae00000, 0xb3440000)
  eden space 15360K, 54% used [0xa8d80000,0xa95b7dd8,0xa9c80000)
  from space 1280K, 99% used [0xa9c80000,0xa9dbe020,0xa9dc0000)
  to   space 1280K, 0% used [0xaacc0000,0xaacc0000,0xaae00000)
 ParOldGen       total 20224K, used 8107K [0x94040000, 0x95400000, 0xa8d80000)
  object space 20224K, 40% used [0x94040000,0x9482ac00,0x95400000)
 PSPermGen       total 17920K, used 17829K [0x90040000, 0x911c0000, 0x94040000)
  object space 17920K, 99% used [0x90040000,0x911a9508,0x911c0000)
GC Heap History (6 events):
Event: 1.488 GC heap before
{Heap before GC invocations=1 (full 0):
 PSYoungGen      total 8960K, used 7680K [0xa8d80000, 0xa9780000, 0xb3440000)
  eden space 7680K, 100% used [0xa8d80000,0xa9500000,0xa9500000)
  from space 1280K, 0% used [0xa9640000,0xa9640000,0xa9780000)
  to   space 1280K, 0% used [0xa9500000,0xa9500000,0xa9640000)
 ParOldGen       total 20224K, used 0K [0x94040000, 0x95400000, 0xa8d80000)
  object space 20224K, 0% used [0x94040000,0x94040000,0x95400000)
 PSPermGen       total 16384K, used 11705K [0x90040000, 0x91040000, 0x94040000)
  object space 16384K, 71% used [0x90040000,0x90bae508,0x91040000)
Event: 1.505 GC heap after
Heap after GC invocations=1 (full 0):
 PSYoungGen      total 8960K, used 1272K [0xa8d80000, 0xa9f00000, 0xb3440000)
  eden space 7680K, 0% used [0xa8d80000,0xa8d80000,0xa9500000)
  from space 1280K, 99% used [0xa9500000,0xa963e060,0xa9640000)
  to   space 1280K, 0% used [0xa9dc0000,0xa9dc0000,0xa9f00000)
 ParOldGen       total 20224K, used 1723K [0x94040000, 0x95400000, 0xa8d80000)
  object space 20224K, 8% used [0x94040000,0x941eef28,0x95400000)
 PSPermGen       total 16384K, used 11705K [0x90040000, 0x91040000, 0x94040000)
  object space 16384K, 71% used [0x90040000,0x90bae508,0x91040000)
}
Event: 2.587 GC heap before
{Heap before GC invocations=2 (full 0):
 PSYoungGen      total 8960K, used 8952K [0xa8d80000, 0xa9f00000, 0xb3440000)
  eden space 7680K, 100% used [0xa8d80000,0xa9500000,0xa9500000)
  from space 1280K, 99% used [0xa9500000,0xa963e060,0xa9640000)
  to   space 1280K, 0% used [0xa9dc0000,0xa9dc0000,0xa9f00000)
 ParOldGen       total 20224K, used 1723K [0x94040000, 0x95400000, 0xa8d80000)
  object space 20224K, 8% used [0x94040000,0x941eef28,0x95400000)
 PSPermGen       total 16384K, used 12421K [0x90040000, 0x91040000, 0x94040000)
  object space 16384K, 75% used [0x90040000,0x90c61468,0x91040000)
Event: 2.622 GC heap after
Heap after GC invocations=2 (full 0):
 PSYoungGen      total 16640K, used 1264K [0xa8d80000, 0xa9f00000, 0xb3440000)
  eden space 15360K, 0% used [0xa8d80000,0xa8d80000,0xa9c80000)
  from space 1280K, 98% used [0xa9dc0000,0xa9efc020,0xa9f00000)
  to   space 1280K, 0% used [0xa9c80000,0xa9c80000,0xa9dc0000)
 ParOldGen       total 20224K, used 4448K [0x94040000, 0x95400000, 0xa8d80000)
  object space 20224K, 21% used [0x94040000,0x94498300,0x95400000)
 PSPermGen       total 16384K, used 12421K [0x90040000, 0x91040000, 0x94040000)
  object space 16384K, 75% used [0x90040000,0x90c61468,0x91040000)
}
Event: 4.849 GC heap before
{Heap before GC invocations=3 (full 0):
 PSYoungGen      total 16640K, used 16624K [0xa8d80000, 0xa9f00000, 0xb3440000)
  eden space 15360K, 100% used [0xa8d80000,0xa9c80000,0xa9c80000)
  from space 1280K, 98% used [0xa9dc0000,0xa9efc020,0xa9f00000)
  to   space 1280K, 0% used [0xa9c80000,0xa9c80000,0xa9dc0000)
 ParOldGen       total 20224K, used 4448K [0x94040000, 0x95400000, 0xa8d80000)
  object space 20224K, 21% used [0x94040000,0x94498300,0x95400000)
 PSPermGen       total 16384K, used 16182K [0x90040000, 0x91040000, 0x94040000)
  object space 16384K, 98% used [0x90040000,0x9100d818,0x91040000)
Event: 4.900 GC heap after
Heap after GC invocations=3 (full 0):
 PSYoungGen      total 16640K, used 1272K [0xa8d80000, 0xaae00000, 0xb3440000)
  eden space 15360K, 0% used [0xa8d80000,0xa8d80000,0xa9c80000)
  from space 1280K, 99% used [0xa9c80000,0xa9dbe020,0xa9dc0000)
  to   space 1280K, 0% used [0xaacc0000,0xaacc0000,0xaae00000)
 ParOldGen       total 20224K, used 8107K [0x94040000, 0x95400000, 0xa8d80000)
  object space 20224K, 40% used [0x94040000,0x9482ac00,0x95400000)
 PSPermGen       total 16384K, used 16182K [0x90040000, 0x91040000, 0x94040000)
  object space 16384K, 98% used [0x90040000,0x9100d818,0x91040000)
}

